<?xml version="1.0" encoding="UTF-8"?>
<!-- Generated by org.testng.reporters.JUnitXMLReporter -->
<testsuite hostname="Lenovo-PC" name="FiefoxBrowserTesting" tests="2" failures="0" timestamp="6 Jul 2020 03:41:35 GMT" time="0.043" errors="0">
  <testcase name="@BeforeSuite launchbrowser" time="0.0" classname="com.flipkart.businessscripts.Electronics">
    <failure type="org.testng.TestNGException" message="
Parameter &amp;apos;browsername&amp;apos; is required by @Configuration on method launchbrowser but has not been marked @Optional or defined
in C:\Users\Lenovo\Documents\NareshClassTraining\testng.xml">
      <![CDATA[org.testng.TestNGException: 
Parameter 'browsername' is required by @Configuration on method launchbrowser but has not been marked @Optional or defined
in C:\Users\Lenovo\Documents\NareshClassTraining\testng.xml
... Removed 15 stack frames]]>
    </failure>
  </testcase> <!-- @BeforeSuite launchbrowser -->
  <testcase name="@BeforeMethod moveToElectronics" time="0.0" classname="com.flipkart.businessscripts.Electronics">
    <skipped/>
  </testcase> <!-- @BeforeMethod moveToElectronics -->
  <testcase name="addMIMobiles" time="0.001" classname="com.flipkart.businessscripts.Electronics">
    <skipped/>
  </testcase> <!-- addMIMobiles -->
  <testcase name="addshoeitemtocart" time="0.001" classname="com.flipkart.businessscripts.Men">
    <skipped/>
  </testcase> <!-- addshoeitemtocart -->
</testsuite> <!-- FiefoxBrowserTesting -->
